<?xml version="1.0" encoding="UTF-8"?>
<robot generator="Robot 7.0 (Python 3.12.2 on darwin)" generated="2024-03-13T17:06:50.344299" rpa="false" schemaversion="5">
<suite id="s1" name="Test e2e" source="/Users/70008431/Documents/assigment_Skillane/Test_Case/Test_e2e.robot">
<test id="s1-t1" name="test web" line="9">
<kw name="Set Selenium Speed" owner="SeleniumLibrary">
<arg>1</arg>
<doc>Sets the delay that is waited after each Selenium command.</doc>
<status status="PASS" start="2024-03-13T17:06:50.422584" elapsed="0.000184"/>
</kw>
<kw name="Open QA Hive Web Browser" owner="keyword_e2e">
<kw name="Open Browser" owner="SeleniumLibrary">
<msg time="2024-03-13T17:06:50.423584" level="INFO">Opening browser 'Chrome' to base url 'https://web-demo.qahive.com/e-commerce/register'.</msg>
<arg>${URL}</arg>
<arg>${BROWSER}</arg>
<doc>Opens a new browser instance to the optional ``url``.</doc>
<status status="PASS" start="2024-03-13T17:06:50.423422" elapsed="3.373864"/>
</kw>
<status status="PASS" start="2024-03-13T17:06:50.423159" elapsed="3.374556"/>
</kw>
<kw name="Maximize Browser Window" owner="SeleniumLibrary">
<doc>Maximizes current browser window.</doc>
<status status="PASS" start="2024-03-13T17:06:53.798129" elapsed="1.458801"/>
</kw>
<kw name="Input Email for Login" owner="keyword_e2e">
<kw name="Input Text" owner="SeleniumLibrary">
<msg time="2024-03-13T17:06:55.259001" level="INFO">Typing text 'demo01@demo.com' into text field 'data:testid:email'.</msg>
<arg>data:testid:email</arg>
<arg>${Email}</arg>
<doc>Types the given ``text`` into the text field identified by ``locator``.</doc>
<status status="PASS" start="2024-03-13T17:06:55.258393" elapsed="3.177385"/>
</kw>
<arg>demo01@demo.com</arg>
<status status="PASS" start="2024-03-13T17:06:55.257782" elapsed="3.178466"/>
</kw>
<kw name="Input Password for Login" owner="keyword_e2e">
<kw name="Input Text" owner="SeleniumLibrary">
<msg time="2024-03-13T17:06:58.438657" level="INFO">Typing text 'Welcome1' into text field 'data:testid:password'.</msg>
<arg>data:testid:password</arg>
<arg>${Password}</arg>
<doc>Types the given ``text`` into the text field identified by ``locator``.</doc>
<status status="PASS" start="2024-03-13T17:06:58.438298" elapsed="3.091485"/>
</kw>
<arg>Welcome1</arg>
<status status="PASS" start="2024-03-13T17:06:58.437702" elapsed="3.092456"/>
</kw>
<kw name="Click submit button for Login" owner="keyword_e2e">
<kw name="Click Element" owner="SeleniumLibrary">
<msg time="2024-03-13T17:07:01.531663" level="INFO">Clicking element 'data:testid:submit'.</msg>
<arg>data:testid:submit</arg>
<doc>Click the element identified by ``locator``.</doc>
<status status="PASS" start="2024-03-13T17:07:01.531333" elapsed="2.077432"/>
</kw>
<kw name="Wait Until Page Contains Element" owner="SeleniumLibrary">
<arg>${Apple_Watch}</arg>
<doc>Waits until the element ``locator`` appears on the current page.</doc>
<status status="PASS" start="2024-03-13T17:07:03.609186" elapsed="4.663660"/>
</kw>
<status status="PASS" start="2024-03-13T17:07:01.530812" elapsed="6.743066"/>
</kw>
<kw name="Click add Apple Watch" owner="keyword_e2e">
<kw name="Click Button" owner="SeleniumLibrary">
<msg time="2024-03-13T17:07:08.276936" level="INFO">Clicking button '(//div[@class="card"]//button)[2]'.</msg>
<arg>${Apple_Watch}</arg>
<doc>Clicks the button identified by ``locator``.</doc>
<status status="PASS" start="2024-03-13T17:07:08.276284" elapsed="5.104395"/>
</kw>
<kw name="Sleep" owner="BuiltIn">
<msg time="2024-03-13T17:07:14.383329" level="INFO">Slept 1 second.</msg>
<arg>1</arg>
<doc>Pauses the test executed for the given time.</doc>
<status status="PASS" start="2024-03-13T17:07:13.381991" elapsed="1.002616"/>
</kw>
<status status="PASS" start="2024-03-13T17:07:08.275365" elapsed="6.109852"/>
</kw>
<kw name="Click the shopping cart to view product information" owner="keyword_e2e">
<kw name="Click Element" owner="SeleniumLibrary">
<msg time="2024-03-13T17:07:14.388786" level="INFO">Clicking element 'css:a[href="/e-commerce/checkout"]'.</msg>
<arg>css:a[href="/e-commerce/checkout"]</arg>
<doc>Click the element identified by ``locator``.</doc>
<status status="PASS" start="2024-03-13T17:07:14.388061" elapsed="2.068143"/>
</kw>
<kw name="Wait Until Page Contains Element" owner="SeleniumLibrary">
<arg>css:input[name="cardholderName"]</arg>
<doc>Waits until the element ``locator`` appears on the current page.</doc>
<status status="PASS" start="2024-03-13T17:07:16.456769" elapsed="1.013309"/>
</kw>
<status status="PASS" start="2024-03-13T17:07:14.386981" elapsed="3.083526"/>
</kw>
<kw name="Input Card Holder Name" owner="keyword_e2e">
<kw name="Input Text" owner="SeleniumLibrary">
<msg time="2024-03-13T17:07:17.472494" level="INFO">Typing text 'Demo Assignment' into text field '//input[@name="cardholderName"]'.</msg>
<arg>//input[@name="cardholderName"]</arg>
<arg>${CardholderName}</arg>
<doc>Types the given ``text`` into the text field identified by ``locator``.</doc>
<status status="PASS" start="2024-03-13T17:07:17.472066" elapsed="3.100159"/>
</kw>
<arg>Demo Assignment</arg>
<status status="PASS" start="2024-03-13T17:07:17.471304" elapsed="3.101534"/>
</kw>
<kw name="Input Credit Card Number" owner="keyword_e2e">
<kw name="Input Text" owner="SeleniumLibrary">
<msg time="2024-03-13T17:07:20.575160" level="INFO">Typing text '4242424242424242' into text field '//input[@name="cardNumber"]'.</msg>
<arg>//input[@name="cardNumber"]</arg>
<arg>${CardNumber}</arg>
<doc>Types the given ``text`` into the text field identified by ``locator``.</doc>
<status status="PASS" start="2024-03-13T17:07:20.574549" elapsed="3.101189"/>
</kw>
<arg>4242424242424242</arg>
<status status="PASS" start="2024-03-13T17:07:20.573540" elapsed="3.102846"/>
</kw>
<kw name="Input Credit Card Expiration" owner="keyword_e2e">
<kw name="Input Text" owner="SeleniumLibrary">
<msg time="2024-03-13T17:07:23.678172" level="INFO">Typing text '09/2027' into text field '//input[@name="expiration"]'.</msg>
<arg>//input[@name="expiration"]</arg>
<arg>${Expiration}</arg>
<doc>Types the given ``text`` into the text field identified by ``locator``.</doc>
<status status="PASS" start="2024-03-13T17:07:23.677737" elapsed="3.091136"/>
</kw>
<arg>09/2027</arg>
<status status="PASS" start="2024-03-13T17:07:23.677075" elapsed="3.092765"/>
</kw>
<kw name="Input Credit Card Cvv" owner="keyword_e2e">
<kw name="Input Text" owner="SeleniumLibrary">
<msg time="2024-03-13T17:07:26.775636" level="INFO">Typing text '999' into text field '//input[@name="cvv"]'.</msg>
<arg>//input[@name="cvv"]</arg>
<arg>${Cvv}</arg>
<doc>Types the given ``text`` into the text field identified by ``locator``.</doc>
<status status="PASS" start="2024-03-13T17:07:26.775098" elapsed="3.086133"/>
</kw>
<arg>999</arg>
<status status="PASS" start="2024-03-13T17:07:26.773722" elapsed="3.088641"/>
</kw>
<kw name="Click Element" owner="SeleniumLibrary">
<msg time="2024-03-13T17:07:29.864307" level="INFO">Clicking element 'css:button.ripple'.</msg>
<arg>css:button.ripple</arg>
<doc>Click the element identified by ``locator``.</doc>
<status status="PASS" start="2024-03-13T17:07:29.863707" elapsed="2.082906"/>
</kw>
<kw name="Wait Until Page Contains" owner="SeleniumLibrary">
<arg>Payment Successful</arg>
<doc>Waits until ``text`` appears on the current page.</doc>
<status status="PASS" start="2024-03-13T17:07:31.948342" elapsed="2.247130"/>
</kw>
<kw name="Take Screenshot" owner="Screenshot">
<msg time="2024-03-13T17:07:34.362472" level="INFO" html="true">&lt;a href="screenshot_1.jpg"&gt;&lt;img src="screenshot_1.jpg" width="800px"&gt;&lt;/a&gt;</msg>
<doc>Takes a screenshot in JPEG format and embeds it into the log file.</doc>
<status status="PASS" start="2024-03-13T17:07:34.196519" elapsed="0.166441"/>
</kw>
<kw name="Close All Browsers" owner="SeleniumLibrary">
<doc>Closes all open browsers and resets the browser cache.</doc>
<status status="PASS" start="2024-03-13T17:07:34.363356" elapsed="1.095524"/>
</kw>
<status status="PASS" start="2024-03-13T17:06:50.422082" elapsed="45.037449"/>
</test>
<status status="PASS" start="2024-03-13T17:06:50.346391" elapsed="45.113999"/>
</suite>
<statistics>
<total>
<stat pass="1" fail="0" skip="0">All Tests</stat>
</total>
<tag>
</tag>
<suite>
<stat pass="1" fail="0" skip="0" id="s1" name="Test e2e">Test e2e</stat>
</suite>
</statistics>
<errors>
</errors>
</robot>
