<?xml version="1.0" encoding="UTF-8"?>
<robot generator="Robot 7.0 (Python 3.12.2 on darwin)" generated="2024-03-13T12:18:08.879291" rpa="false" schemaversion="5">
<suite id="s1" name="Test e2e" source="/Users/70008431/Documents/assigment_Skillane/Test_Case/Test_e2e.robot">
<test id="s1-t1" name="test web" line="9">
<kw name="Set Selenium Speed" owner="SeleniumLibrary">
<arg>1</arg>
<doc>Sets the delay that is waited after each Selenium command.</doc>
<status status="PASS" start="2024-03-13T12:18:08.954326" elapsed="0.000187"/>
</kw>
<kw name="Open QA Hive Web Browser" owner="keyword_e2e">
<kw name="Open Browser" owner="SeleniumLibrary">
<msg time="2024-03-13T12:18:08.955058" level="INFO">Opening browser 'Chrome' to base url 'https://web-demo.qahive.com/e-commerce/register'.</msg>
<arg>${URL}</arg>
<arg>${BROWSER}</arg>
<doc>Opens a new browser instance to the optional ``url``.</doc>
<status status="PASS" start="2024-03-13T12:18:08.954914" elapsed="3.038938"/>
</kw>
<status status="PASS" start="2024-03-13T12:18:08.954714" elapsed="3.039549"/>
</kw>
<kw name="Input Email for Login" owner="keyword_e2e">
<kw name="Input Text" owner="SeleniumLibrary">
<msg time="2024-03-13T12:18:11.995717" level="INFO">Typing text 'demo01@demo.com' into text field 'data:testid:email'.</msg>
<arg>data:testid:email</arg>
<arg>${Email}</arg>
<doc>Types the given ``text`` into the text field identified by ``locator``.</doc>
<status status="PASS" start="2024-03-13T12:18:11.995313" elapsed="3.151213"/>
</kw>
<arg>demo01@demo.com</arg>
<status status="PASS" start="2024-03-13T12:18:11.994712" elapsed="3.152269"/>
</kw>
<kw name="Input Password for Login" owner="keyword_e2e">
<kw name="Input Text" owner="SeleniumLibrary">
<msg time="2024-03-13T12:18:15.149403" level="INFO">Typing text 'Welcome1' into text field 'data:testid:password'.</msg>
<arg>data:testid:password</arg>
<arg>${Password}</arg>
<doc>Types the given ``text`` into the text field identified by ``locator``.</doc>
<status status="PASS" start="2024-03-13T12:18:15.148568" elapsed="3.115132"/>
</kw>
<arg>Welcome1</arg>
<status status="PASS" start="2024-03-13T12:18:15.147810" elapsed="3.116932"/>
</kw>
<kw name="Click submit button for Login" owner="keyword_e2e">
<kw name="Click Element" owner="SeleniumLibrary">
<msg time="2024-03-13T12:18:18.266018" level="INFO">Clicking element 'data:testid:submit'.</msg>
<arg>data:testid:submit</arg>
<doc>Click the element identified by ``locator``.</doc>
<status status="PASS" start="2024-03-13T12:18:18.265772" elapsed="2.059984"/>
</kw>
<kw name="Wait Until Page Contains Element" owner="SeleniumLibrary">
<arg>${Apple_Watch}</arg>
<doc>Waits until the element ``locator`` appears on the current page.</doc>
<status status="PASS" start="2024-03-13T12:18:20.326248" elapsed="4.667035"/>
</kw>
<status status="PASS" start="2024-03-13T12:18:18.265405" elapsed="6.729038"/>
</kw>
<kw name="Click add Apple Watch" owner="keyword_e2e">
<kw name="Click Button" owner="SeleniumLibrary">
<msg time="2024-03-13T12:18:25.000255" level="INFO">Clicking button '(//div[@class="card"]//button)[2]'.</msg>
<arg>${Apple_Watch}</arg>
<doc>Clicks the button identified by ``locator``.</doc>
<status status="PASS" start="2024-03-13T12:18:24.999479" elapsed="5.099111"/>
</kw>
<kw name="Sleep" owner="BuiltIn">
<msg time="2024-03-13T12:18:31.102030" level="INFO">Slept 1 second.</msg>
<arg>1</arg>
<doc>Pauses the test executed for the given time.</doc>
<status status="PASS" start="2024-03-13T12:18:30.099418" elapsed="1.004653"/>
</kw>
<status status="PASS" start="2024-03-13T12:18:24.995322" elapsed="6.109748"/>
</kw>
<kw name="Click the shopping cart to view product information" owner="keyword_e2e">
<kw name="Click Element" owner="SeleniumLibrary">
<msg time="2024-03-13T12:18:31.107407" level="INFO">Clicking element 'css:a[href="/e-commerce/checkout"]'.</msg>
<arg>css:a[href="/e-commerce/checkout"]</arg>
<doc>Click the element identified by ``locator``.</doc>
<status status="PASS" start="2024-03-13T12:18:31.106982" elapsed="2.065513"/>
</kw>
<kw name="Wait Until Page Contains Element" owner="SeleniumLibrary">
<arg>css:input[name="cardholderName"]</arg>
<doc>Waits until the element ``locator`` appears on the current page.</doc>
<status status="PASS" start="2024-03-13T12:18:33.173014" elapsed="1.013918"/>
</kw>
<status status="PASS" start="2024-03-13T12:18:31.106306" elapsed="3.080935"/>
</kw>
<kw name="Input Card Holder Name" owner="keyword_e2e">
<kw name="Input Text" owner="SeleniumLibrary">
<msg time="2024-03-13T12:18:34.189250" level="INFO">Typing text 'Demo Assignment' into text field '//input[@name="cardholderName"]'.</msg>
<arg>//input[@name="cardholderName"]</arg>
<arg>${CardholderName}</arg>
<doc>Types the given ``text`` into the text field identified by ``locator``.</doc>
<status status="PASS" start="2024-03-13T12:18:34.188879" elapsed="3.101150"/>
</kw>
<arg>Demo Assignment</arg>
<status status="PASS" start="2024-03-13T12:18:34.188113" elapsed="3.102282"/>
</kw>
<kw name="Input Credit Card Number" owner="keyword_e2e">
<kw name="Input Text" owner="SeleniumLibrary">
<msg time="2024-03-13T12:18:37.291614" level="INFO">Typing text '4242424242424242' into text field '//input[@name="cardNumber"]'.</msg>
<arg>//input[@name="cardNumber"]</arg>
<arg>${CardNumber}</arg>
<doc>Types the given ``text`` into the text field identified by ``locator``.</doc>
<status status="PASS" start="2024-03-13T12:18:37.291302" elapsed="3.098648"/>
</kw>
<arg>4242424242424242</arg>
<status status="PASS" start="2024-03-13T12:18:37.290860" elapsed="3.099531"/>
</kw>
<kw name="Input Credit Card Expiration" owner="keyword_e2e">
<kw name="Input Text" owner="SeleniumLibrary">
<msg time="2024-03-13T12:18:40.392225" level="INFO">Typing text '09/2027' into text field '//input[@name="expiration"]'.</msg>
<arg>//input[@name="expiration"]</arg>
<arg>${Expiration}</arg>
<doc>Types the given ``text`` into the text field identified by ``locator``.</doc>
<status status="PASS" start="2024-03-13T12:18:40.391769" elapsed="3.098844"/>
</kw>
<arg>09/2027</arg>
<status status="PASS" start="2024-03-13T12:18:40.391115" elapsed="3.099812"/>
</kw>
<kw name="Input Credit Card Cvv" owner="keyword_e2e">
<kw name="Input Text" owner="SeleniumLibrary">
<msg time="2024-03-13T12:18:43.492050" level="INFO">Typing text '999' into text field '//input[@name="cvv"]'.</msg>
<arg>//input[@name="cvv"]</arg>
<arg>${Cvv}</arg>
<doc>Types the given ``text`` into the text field identified by ``locator``.</doc>
<status status="PASS" start="2024-03-13T12:18:43.491752" elapsed="3.085441"/>
</kw>
<arg>999</arg>
<status status="PASS" start="2024-03-13T12:18:43.491370" elapsed="3.087417"/>
</kw>
<kw name="Click Element" owner="SeleniumLibrary">
<msg time="2024-03-13T12:18:46.580240" level="INFO">Clicking element 'css:button.ripple'.</msg>
<arg>css:button.ripple</arg>
<doc>Click the element identified by ``locator``.</doc>
<status status="PASS" start="2024-03-13T12:18:46.579655" elapsed="2.083239"/>
</kw>
<kw name="Wait Until Page Contains" owner="SeleniumLibrary">
<arg>Payment Successful</arg>
<doc>Waits until ``text`` appears on the current page.</doc>
<status status="PASS" start="2024-03-13T12:18:48.666410" elapsed="2.234393"/>
</kw>
<kw name="Close All Browsers" owner="SeleniumLibrary">
<doc>Closes all open browsers and resets the browser cache.</doc>
<status status="PASS" start="2024-03-13T12:18:50.902331" elapsed="1.096791"/>
</kw>
<status status="PASS" start="2024-03-13T12:18:08.953752" elapsed="43.046153"/>
</test>
<status status="PASS" start="2024-03-13T12:18:08.881341" elapsed="43.119954"/>
</suite>
<statistics>
<total>
<stat pass="1" fail="0" skip="0">All Tests</stat>
</total>
<tag>
</tag>
<suite>
<stat pass="1" fail="0" skip="0" id="s1" name="Test e2e">Test e2e</stat>
</suite>
</statistics>
<errors>
</errors>
</robot>
